0 info it worked if it ends with ok
1 verbose cli [ 'd:\\Program Files (x86)\\nodejs\\node.exe',
1 verbose cli   'd:\\Program Files (x86)\\nodejs\\node_modules\\npm\\bin\\npm-cli.js',
1 verbose cli   'publish' ]
2 info using npm@2.14.7
3 info using node@v4.2.2
4 verbose publish [ '.' ]
5 silly cache add args [ '.', null ]
6 verbose cache add spec .
7 silly cache add parsed spec Result {
7 silly cache add   raw: '.',
7 silly cache add   scope: null,
7 silly cache add   name: null,
7 silly cache add   rawSpec: '.',
7 silly cache add   spec: 'f:\\airdroid_code\\github\\gulp-jst-concat',
7 silly cache add   type: 'directory' }
8 verbose addLocalDirectory C:\Users\admin\AppData\Roaming\npm-cache\gulp-jst-concat\0.0.1\package.tgz not in flight; packing
9 verbose tar pack [ 'C:\\Users\\admin\\AppData\\Roaming\\npm-cache\\gulp-jst-concat\\0.0.1\\package.tgz',
9 verbose tar pack   'f:\\airdroid_code\\github\\gulp-jst-concat' ]
10 verbose tarball C:\Users\admin\AppData\Roaming\npm-cache\gulp-jst-concat\0.0.1\package.tgz
11 verbose folder f:\airdroid_code\github\gulp-jst-concat
12 info prepublish gulp-jst-concat@0.0.1
13 verbose addLocalTarball adding from inside cache C:\Users\admin\AppData\Roaming\npm-cache\gulp-jst-concat\0.0.1\package.tgz
14 silly cache afterAdd gulp-jst-concat@0.0.1
15 verbose afterAdd C:\Users\admin\AppData\Roaming\npm-cache\gulp-jst-concat\0.0.1\package\package.json not in flight; writing
16 verbose afterAdd C:\Users\admin\AppData\Roaming\npm-cache\gulp-jst-concat\0.0.1\package\package.json written
17 silly publish { name: 'gulp-jst-concat',
17 silly publish   version: '0.0.1',
17 silly publish   description: 'concat jst file to module\'s js file for gulp',
17 silly publish   dependencies:
17 silly publish    { 'graceful-fs': '^4.1.10',
17 silly publish      'gulp-jst': '^0.1.1',
17 silly publish      'gulp-sequence': '^0.4.6',
17 silly publish      'gulp-util': '^3.0.1',
17 silly publish      lodash: '^4.16.6',
17 silly publish      'map-stream': '0.0.6' },
17 silly publish   main: 'index.js',
17 silly publish   devDependencies: { gulp: '^3.6.2', del: '^1.1.1' },
17 silly publish   repository:
17 silly publish    { type: 'git',
17 silly publish      url: 'git+ssh://git@github.com/AxesTeam/gulp-jst-concat.git' },
17 silly publish   keywords: [ 'gulp', 'jst', 'jst-concat' ],
17 silly publish   author: { name: 'kebingzao', email: 'kebingzao@gmail.com' },
17 silly publish   license: 'MIT',
17 silly publish   engines: { node: '>=0.10' },
17 silly publish   readmeFilename: 'README.md',
17 silly publish   homepage: 'https://github.com/AxesTeam/gulp-jst-concat',
17 silly publish   _id: 'gulp-jst-concat@0.0.1',
17 silly publish   _from: '.',
17 silly publish   readme: '# gulp-jst-concat\n\n> concat jst file to module\'s js file for gulp\n\n## Getting Started\n\n```shell\nnpm install gulp-jst-concat --save-dev\n```\n\n### Usage Examples\n\n```js\ngulp.task(\'jst-concat\', function(){\n    return gulp.src("fixtures/modules/*.js")\n        .pipe(jst_concat({\n            separator_start: \'/**start**/\',\n            separator_end: \'/**end**/\',\n            jst_path: \'build/template/\',\n            jst_ext: ".js",\n            pattern: /CustomGetTemplateFn\\s*\\(\\\'(.*?).html\\\'\\)/g,\n            replace: function(jst, tmpFile){\n                return `this["ajst"] = this["ajst"] || {};this["ajst"]["${tmpFile}"] = ${jst}`;\n            }\n        }))\n        .pipe(gulp.dest("build/modules"))\n});\n```\n\n### Options\n\n#### options.separator_start\nType: `String`\nDefault value: `\'\'`\n\nA string value that is used to do something with whatever.\n\n#### options.separator_end\nType: `String`\nDefault value: `\'\'`\n\nA string value that is used to do something with whatever.\n\n#### options.jst_path\nType: `String`\nDefault value: `\'tmp/template/\'`\n\ncompiled jst template path\n\n#### options.jst_ext\nType: `String`\nDefault value: `\'.jst\'`\n\njst template extension\n\n#### options.pattern\nType: `String`\nDefault value: `\'/CustomGetTemplateFn\\s*\\(\\\'(.*?).html\\\'\\)/g\'`\n\nA regex pattern that is used to get template path list\n\n#### options.replace_text\nType: `String`\nDefault value: `\'$1\'`\n\nA string value that is used to replace template name\n\n#### options.replace\nType: `Function`\nDefault value: `null`\n\nA function that is used to do something you want.\n\n',
17 silly publish   gitHead: '46cf0de6d91a4ab646edf5c85d3a3ce0af119db7',
17 silly publish   bugs: { url: 'https://github.com/AxesTeam/gulp-jst-concat/issues' },
17 silly publish   scripts: {},
17 silly publish   _shasum: '61c61eff33e520866d76f2bc33a65eb849150dc7' }
18 verbose getPublishConfig undefined
19 silly mapToRegistry name gulp-jst-concat
20 silly mapToRegistry using default registry
21 silly mapToRegistry registry http://registry.npmjs.org/
22 silly mapToRegistry uri http://registry.npmjs.org/gulp-jst-concat
23 verbose publish registryBase http://registry.npmjs.org/
24 silly publish uploading C:\Users\admin\AppData\Roaming\npm-cache\gulp-jst-concat\0.0.1\package.tgz
25 verbose request uri http://registry.npmjs.org/gulp-jst-concat
26 verbose request sending authorization for write operation
27 info attempt registry request try #1 at 16:27:40
28 verbose request using bearer token for auth
29 verbose request id 66a8f21649c71572
30 http request PUT http://registry.npmjs.org/gulp-jst-concat
31 http 403 http://registry.npmjs.org/gulp-jst-concat
32 verbose headers { 'content-type': 'application/json',
32 verbose headers   'cache-control': 'max-age=300',
32 verbose headers   'content-length': '109',
32 verbose headers   'accept-ranges': 'bytes',
32 verbose headers   date: 'Tue, 08 Nov 2016 08:28:03 GMT',
32 verbose headers   via: '1.1 varnish',
32 verbose headers   connection: 'keep-alive',
32 verbose headers   'x-served-by': 'cache-hkg6824-HKG',
32 verbose headers   'x-cache': 'MISS',
32 verbose headers   'x-cache-hits': '0',
32 verbose headers   'x-timer': 'S1478593669.502847,VS0,VE13933',
32 verbose headers   vary: 'Accept-Encoding' }
33 verbose request invalidating C:\Users\admin\AppData\Roaming\npm-cache\registry.npmjs.org\gulp-jst-concat on PUT
34 error publish Failed PUT 403
35 verbose stack Error: you do not have permission to publish "gulp-jst-concat". Are you logged in as the correct user? : gulp-jst-concat
35 verbose stack     at makeError (d:\Program Files (x86)\nodejs\node_modules\npm\node_modules\npm-registry-client\lib\request.js:264:12)
35 verbose stack     at CachingRegistryClient.<anonymous> (d:\Program Files (x86)\nodejs\node_modules\npm\node_modules\npm-registry-client\lib\request.js:252:14)
35 verbose stack     at Request._callback (d:\Program Files (x86)\nodejs\node_modules\npm\node_modules\npm-registry-client\lib\request.js:172:14)
35 verbose stack     at Request.self.callback (d:\Program Files (x86)\nodejs\node_modules\npm\node_modules\request\request.js:198:22)
35 verbose stack     at emitTwo (events.js:87:13)
35 verbose stack     at Request.emit (events.js:172:7)
35 verbose stack     at Request.<anonymous> (d:\Program Files (x86)\nodejs\node_modules\npm\node_modules\request\request.js:1063:14)
35 verbose stack     at emitOne (events.js:82:20)
35 verbose stack     at Request.emit (events.js:169:7)
35 verbose stack     at IncomingMessage.<anonymous> (d:\Program Files (x86)\nodejs\node_modules\npm\node_modules\request\request.js:1009:12)
36 verbose statusCode 403
37 verbose pkgid gulp-jst-concat
38 verbose cwd f:\airdroid_code\github\gulp-jst-concat
39 error Windows_NT 6.1.7601
40 error argv "d:\\Program Files (x86)\\nodejs\\node.exe" "d:\\Program Files (x86)\\nodejs\\node_modules\\npm\\bin\\npm-cli.js" "publish"
41 error node v4.2.2
42 error npm  v2.14.7
43 error code E403
44 error you do not have permission to publish "gulp-jst-concat". Are you logged in as the correct user? : gulp-jst-concat
45 error If you need help, you may report this error at:
45 error     <https://github.com/npm/npm/issues>
46 verbose exit [ 1, true ]
